Collecting poetry==2.1.3
  Downloading poetry-2.1.3-py3-none-any.whl.metadata (7.1 kB)
Collecting build<2.0.0,>=1.2.1 (from poetry==2.1.3)
  Downloading build-1.2.2.post1-py3-none-any.whl.metadata (6.5 kB)
Collecting cachecontrol<0.15.0,>=0.14.0 (from cachecontrol[filecache]<0.15.0,>=0.14.0->poetry==2.1.3)
  Downloading cachecontrol-0.14.3-py3-none-any.whl.metadata (3.1 kB)
Collecting cleo<3.0.0,>=2.1.0 (from poetry==2.1.3)
  Downloading cleo-2.1.0-py3-none-any.whl.metadata (12 kB)
Collecting dulwich<0.23.0,>=0.22.6 (from poetry==2.1.3)
  Downloading dulwich-0.22.8-py3-none-any.whl.metadata (4.9 kB)
Collecting fastjsonschema<3.0.0,>=2.18.0 (from poetry==2.1.3)
  Downloading fastjsonschema-2.21.1-py3-none-any.whl.metadata (2.2 kB)
Collecting findpython<0.7.0,>=0.6.2 (from poetry==2.1.3)
  Downloading findpython-0.6.3-py3-none-any.whl.metadata (5.3 kB)
Collecting installer<0.8.0,>=0.7.0 (from poetry==2.1.3)
  Downloading installer-0.7.0-py3-none-any.whl.metadata (936 bytes)
Collecting keyring<26.0.0,>=25.1.0 (from poetry==2.1.3)
  Downloading keyring-25.6.0-py3-none-any.whl.metadata (20 kB)
Collecting packaging>=24.0 (from poetry==2.1.3)
  Downloading packaging-25.0-py3-none-any.whl.metadata (3.3 kB)
Collecting pbs-installer<2026.0.0,>=2025.1.6 (from pbs-installer[download,install]<2026.0.0,>=2025.1.6->poetry==2.1.3)
  Downloading pbs_installer-2025.5.17-py3-none-any.whl.metadata (991 bytes)
Collecting pkginfo<2.0,>=1.12 (from poetry==2.1.3)
  Downloading pkginfo-1.12.1.2-py3-none-any.whl.metadata (13 kB)
Collecting platformdirs<5,>=3.0.0 (from poetry==2.1.3)
  Downloading platformdirs-4.3.8-py3-none-any.whl.metadata (12 kB)
Collecting poetry-core==2.1.3 (from poetry==2.1.3)
  Downloading poetry_core-2.1.3-py3-none-any.whl.metadata (3.5 kB)
Collecting pyproject-hooks<2.0.0,>=1.0.0 (from poetry==2.1.3)
  Downloading pyproject_hooks-1.2.0-py3-none-any.whl.metadata (1.3 kB)
Collecting requests<3.0,>=2.26 (from poetry==2.1.3)
  Using cached requests-2.32.3-py3-none-any.whl.metadata (4.6 kB)
Collecting requests-toolbelt<2.0.0,>=1.0.0 (from poetry==2.1.3)
  Using cached requests_toolbelt-1.0.0-py2.py3-none-any.whl.metadata (14 kB)
Collecting shellingham<2.0,>=1.5 (from poetry==2.1.3)
  Downloading shellingham-1.5.4-py2.py3-none-any.whl.metadata (3.5 kB)
Collecting tomlkit<1.0.0,>=0.11.4 (from poetry==2.1.3)
  Downloading tomlkit-0.13.2-py3-none-any.whl.metadata (2.7 kB)
Collecting trove-classifiers>=2022.5.19 (from poetry==2.1.3)
  Downloading trove_classifiers-2025.5.9.12-py3-none-any.whl.metadata (2.3 kB)
Collecting virtualenv<21.0.0,>=20.26.6 (from poetry==2.1.3)
  Downloading virtualenv-20.31.2-py3-none-any.whl.metadata (4.5 kB)
Collecting xattr<2.0.0,>=1.0.0 (from poetry==2.1.3)
  Downloading xattr-1.1.4-cp312-cp312-macosx_10_13_x86_64.whl.metadata (3.8 kB)
Collecting msgpack<2.0.0,>=0.5.2 (from cachecontrol<0.15.0,>=0.14.0->cachecontrol[filecache]<0.15.0,>=0.14.0->poetry==2.1.3)
  Downloading msgpack-1.1.0-cp312-cp312-macosx_10_9_x86_64.whl.metadata (8.4 kB)
Collecting filelock>=3.8.0 (from cachecontrol[filecache]<0.15.0,>=0.14.0->poetry==2.1.3)
  Downloading filelock-3.18.0-py3-none-any.whl.metadata (2.9 kB)
Collecting crashtest<0.5.0,>=0.4.1 (from cleo<3.0.0,>=2.1.0->poetry==2.1.3)
  Downloading crashtest-0.4.1-py3-none-any.whl.metadata (1.1 kB)
Collecting rapidfuzz<4.0.0,>=3.0.0 (from cleo<3.0.0,>=2.1.0->poetry==2.1.3)
  Downloading rapidfuzz-3.13.0-cp312-cp312-macosx_10_13_x86_64.whl.metadata (12 kB)
Collecting urllib3>=1.25 (from dulwich<0.23.0,>=0.22.6->poetry==2.1.3)
  Downloading urllib3-2.4.0-py3-none-any.whl.metadata (6.5 kB)
Collecting jaraco.classes (from keyring<26.0.0,>=25.1.0->poetry==2.1.3)
  Downloading jaraco.classes-3.4.0-py3-none-any.whl.metadata (2.6 kB)
Collecting jaraco.functools (from keyring<26.0.0,>=25.1.0->poetry==2.1.3)
  Downloading jaraco.functools-4.1.0-py3-none-any.whl.metadata (2.9 kB)
Collecting jaraco.context (from keyring<26.0.0,>=25.1.0->poetry==2.1.3)
  Downloading jaraco.context-6.0.1-py3-none-any.whl.metadata (4.1 kB)
Collecting httpx<1,>=0.27.0 (from pbs-installer[download,install]<2026.0.0,>=2025.1.6->poetry==2.1.3)
  Using cached httpx-0.28.1-py3-none-any.whl.metadata (7.1 kB)
Collecting zstandard>=0.21.0 (from pbs-installer[download,install]<2026.0.0,>=2025.1.6->poetry==2.1.3)
  Downloading zstandard-0.23.0-cp312-cp312-macosx_10_9_x86_64.whl.metadata (3.0 kB)
Collecting anyio (from httpx<1,>=0.27.0->pbs-installer[download,install]<2026.0.0,>=2025.1.6->poetry==2.1.3)
  Downloading anyio-4.9.0-py3-none-any.whl.metadata (4.7 kB)
Collecting certifi (from httpx<1,>=0.27.0->pbs-installer[download,install]<2026.0.0,>=2025.1.6->poetry==2.1.3)
  Downloading certifi-2025.4.26-py3-none-any.whl.metadata (2.5 kB)
Collecting httpcore==1.* (from httpx<1,>=0.27.0->pbs-installer[download,install]<2026.0.0,>=2025.1.6->poetry==2.1.3)
  Downloading httpcore-1.0.9-py3-none-any.whl.metadata (21 kB)
Collecting idna (from httpx<1,>=0.27.0->pbs-installer[download,install]<2026.0.0,>=2025.1.6->poetry==2.1.3)
  Using cached idna-3.10-py3-none-any.whl.metadata (10 kB)
Collecting h11>=0.16 (from httpcore==1.*->httpx<1,>=0.27.0->pbs-installer[download,install]<2026.0.0,>=2025.1.6->poetry==2.1.3)
  Downloading h11-0.16.0-py3-none-any.whl.metadata (8.3 kB)
Collecting charset-normalizer<4,>=2 (from requests<3.0,>=2.26->poetry==2.1.3)
  Downloading charset_normalizer-3.4.2-cp312-cp312-macosx_10_13_universal2.whl.metadata (35 kB)
Collecting distlib<1,>=0.3.7 (from virtualenv<21.0.0,>=20.26.6->poetry==2.1.3)
  Downloading distlib-0.3.9-py2.py3-none-any.whl.metadata (5.2 kB)
Collecting cffi>=1.16.0 (from xattr<2.0.0,>=1.0.0->poetry==2.1.3)
  Downloading cffi-1.17.1-cp312-cp312-macosx_10_9_x86_64.whl.metadata (1.5 kB)
Collecting pycparser (from cffi>=1.16.0->xattr<2.0.0,>=1.0.0->poetry==2.1.3)
  Downloading pycparser-2.22-py3-none-any.whl.metadata (943 bytes)
Collecting sniffio>=1.1 (from anyio->httpx<1,>=0.27.0->pbs-installer[download,install]<2026.0.0,>=2025.1.6->poetry==2.1.3)
  Using cached sniffio-1.3.1-py3-none-any.whl.metadata (3.9 kB)
Collecting typing_extensions>=4.5 (from anyio->httpx<1,>=0.27.0->pbs-installer[download,install]<2026.0.0,>=2025.1.6->poetry==2.1.3)
  Downloading typing_extensions-4.13.2-py3-none-any.whl.metadata (3.0 kB)
Collecting more-itertools (from jaraco.classes->keyring<26.0.0,>=25.1.0->poetry==2.1.3)
  Downloading more_itertools-10.7.0-py3-none-any.whl.metadata (37 kB)
Downloading poetry-2.1.3-py3-none-any.whl (278 kB)
Downloading poetry_core-2.1.3-py3-none-any.whl (332 kB)
Downloading build-1.2.2.post1-py3-none-any.whl (22 kB)
Downloading cachecontrol-0.14.3-py3-none-any.whl (21 kB)
Downloading cleo-2.1.0-py3-none-any.whl (78 kB)
Downloading crashtest-0.4.1-py3-none-any.whl (7.6 kB)
Downloading dulwich-0.22.8-py3-none-any.whl (273 kB)
Downloading fastjsonschema-2.21.1-py3-none-any.whl (23 kB)
Downloading findpython-0.6.3-py3-none-any.whl (20 kB)
Downloading installer-0.7.0-py3-none-any.whl (453 kB)
Downloading keyring-25.6.0-py3-none-any.whl (39 kB)
Downloading msgpack-1.1.0-cp312-cp312-macosx_10_9_x86_64.whl (85 kB)
Downloading pbs_installer-2025.5.17-py3-none-any.whl (56 kB)
Using cached httpx-0.28.1-py3-none-any.whl (73 kB)
Downloading httpcore-1.0.9-py3-none-any.whl (78 kB)
Downloading pkginfo-1.12.1.2-py3-none-any.whl (32 kB)
Downloading platformdirs-4.3.8-py3-none-any.whl (18 kB)
Downloading pyproject_hooks-1.2.0-py3-none-any.whl (10 kB)
Downloading rapidfuzz-3.13.0-cp312-cp312-macosx_10_13_x86_64.whl (2.0 MB)
   ━━━━━━━━━━━━━━━━━━━━━━━━━━━━━━━━         1.6/2.0 MB 80.2 kB/s eta 0:00:05
error: incomplete-download

× Download failed because not enough bytes were received (1.6 MB/2.0 MB)
╰─> URL: https://files.pythonhosted.org/packages/13/4b/a326f57a4efed8f5505b25102797a58e37ee11d94afd9d9422cb7c76117e/rapidfuzz-3.13.0-cp312-cp312-macosx_10_13_x86_64.whl

note: This is an issue with network connectivity, not pip.
hint: Consider using --resume-retries to enable download resumption.

Traceback:

  File "<stdin>", line 937, in main
  File "<stdin>", line 574, in run
  File "<stdin>", line 596, in install
  File "<stdin>", line 699, in install_poetry
  File "<stdin>", line 389, in pip
  File "<stdin>", line 386, in python
  File "<stdin>", line 379, in run
